#-----------------------------------------------------------
# Vivado v2018.3 (64-bit)
# SW Build 2405991 on Thu Dec  6 23:38:27 MST 2018
# IP Build 2404404 on Fri Dec  7 01:43:56 MST 2018
# Start of session at: Mon May 15 20:15:36 2023
# Process ID: 58328
# Current directory: F:/Vivado Project/memory_sync_inst_rom
# Command line: vivado.exe -gui_launcher_event rodinguilauncherevent9764 F:\Vivado Project\memory_sync_inst_rom\memory_sync_inst_rom.xpr
# Log file: F:/Vivado Project/memory_sync_inst_rom/vivado.log
# Journal file: F:/Vivado Project/memory_sync_inst_rom\vivado.jou
#-----------------------------------------------------------
start_gui
open_project {F:/Vivado Project/memory_sync_inst_rom/memory_sync_inst_rom.xpr}
Scanning sources...
Finished scanning sources
INFO: [IP_Flow 19-234] Refreshing IP repositories
INFO: [IP_Flow 19-1704] No user IP repositories specified
INFO: [IP_Flow 19-2313] Loaded Vivado IP repository 'F:/Vivado/Vivado/2018.3/data/ip'.
open_hw
update_compile_order -fileset sources_1
connect_hw_server
INFO: [Labtools 27-2285] Connecting to hw_server url TCP:localhost:3121
connect_hw_server: Time (s): cpu = 00:00:00 ; elapsed = 00:00:10 . Memory (MB): peak = 854.641 ; gain = 0.000
open_hw_target
INFO: [Labtoolstcl 44-466] Opening hw_target localhost:3121/xilinx_tcf/Xilinx/Port_#0004.Hub_#0002
set_property PROGRAM.FILE {F:/Vivado Project/memory_sync_inst_rom/memory_sync_inst_rom.runs/impl_1/inst_rom_display.bit} [get_hw_devices xc7a200t_0]
current_hw_device [get_hw_devices xc7a200t_0]
refresh_hw_device -update_hw_probes false [lindex [get_hw_devices xc7a200t_0] 0]
INFO: [Labtools 27-1434] Device xc7a200t (JTAG device index = 0) is programmed with a design that has no supported debug core(s) in it.
set_property PROBES.FILE {} [get_hw_devices xc7a200t_0]
set_property FULL_PROBES.FILE {} [get_hw_devices xc7a200t_0]
set_property PROGRAM.FILE {F:/Vivado Project/memory_sync_inst_rom/memory_sync_inst_rom.runs/impl_1/inst_rom_display.bit} [get_hw_devices xc7a200t_0]
program_hw_devices [get_hw_devices xc7a200t_0]
INFO: [Labtools 27-3164] End of startup status: HIGH
program_hw_devices: Time (s): cpu = 00:00:18 ; elapsed = 00:00:21 . Memory (MB): peak = 1772.512 ; gain = 0.000
refresh_hw_device [lindex [get_hw_devices xc7a200t_0] 0]
INFO: [Labtools 27-1434] Device xc7a200t (JTAG device index = 0) is programmed with a design that has no supported debug core(s) in it.
ERROR: [Labtoolstcl 44-513] HW Target shutdown. Closing target: localhost:3121/xilinx_tcf/Xilinx/Port_#0004.Hub_#0002
exit
INFO: [Common 17-206] Exiting Vivado at Mon May 15 20:38:38 2023...
